*------------------------------------------------------------*
* Score Log
Date:                January 07, 2024
Time:                01:50:04
*------------------------------------------------------------*
16155  %let EMEXCEPTIONSTRING=;
16156  *------------------------------------------------------------*;
16157  * SCORE: FIMPORT;
16158  *------------------------------------------------------------*;
16159  %let EM_ACTION = SCORE;
16160  %let syscc = 0;
16161  /* Fimport.source */
16162  %macro main;
16163        %if %upcase(&EM_ACTION) = CREATE %then %do;
16164           filename temp catalog 'sashelp.emsamp.Fimport_create.source';
16165           %include temp;
16166           filename temp;
16167           %create;
16168        %end;
16169        %else
16170        %if %upcase(&EM_ACTION) = TRAIN %then %do;
16171           filename temp catalog 'sashelp.emsamp.Fimport_train.source';
16172           %include temp;
16173           filename temp;
16174           %train;
16175        %end;
16176        %else
16177        %if %upcase(&EM_ACTION) = UPDATE %then %do;
16178           filename temp catalog 'sashelp.emsamp.Fimport_update.source';
16179           %include temp;
16180           filename temp;
16181           %update;
16182        %end;
16183        %else
16184        %if %upcase(&EM_ACTION) = PROPERTY %then %do;
16185           filename temp catalog 'sashelp.emsamp.Fimport_actions.source';
16186           %include temp;
16187           filename temp;
16188           %property;
16189        %end;
16190         %else
16191        %if %upcase(&EM_ACTION) = SCORE %then %do;
16192           filename temp catalog 'sashelp.emsamp.Fimport_score.source';
16193           %include temp;
16194           filename temp;
16195           %score;
16196        %end;
16197        %else
16198        %if %upcase(&EM_ACTION) = REPORT %then %do;
16199           filename temp catalog 'sashelp.emsamp.Fimport_report.source';
16200           %include temp;
16201           filename temp;
16202           %report;
16203        %end;
16204        %else
16205        %if %upcase(&EM_ACTION) = OPENVARIABLESET %then %do;
16206           filename temp catalog 'sashelp.emsamp.Fimport_actions.source';
16207           %include temp;
16208           filename temp;
16209           %openvariableset;
16210        %end;
16211        %else
16212        %if %upcase(&EM_ACTION) = CLOSEVARIABLESET %then %do;
16213           filename temp catalog 'sashelp.emsamp.Fimport_actions.source';
16214           %include temp;
16215           filename temp;
16216           %closevariableset;
16217        %end;
16218  %mend main;
16219  %main;
NOTE: %INCLUDE (level 1) file TEMP is file SASHELP.EMSAMP.FIMPORT_SCORE.SOURCE.
16220 +%macro score;
16221 +
16222 +   filename x "&EM_NODEDIR.&EM_DSEP._updatePath.st";
16223 +   data _null_;
16224 +      file x;
16225 +      put ' ';
16226 +   run;
16227 +   filename x;
16228 +
16229 +   %em_getname(key=DATA, type=DATA);
16230 +   %if %sysfunc(exist(&em_user_data)) %then %do;
16231 +       data &em_export_train / view=&em_export_train;
16232 +          set &em_user_data;
16233 +       run;
16234 +   %end;
16235 +
16236 +%mend score;
NOTE: %INCLUDE (level 1) ending.
NOTE: Fileref TEMP has been deassigned.

NOTE: The file X is:
      Filename=C:\Users\Tsu\Desktop\DM Revision\AA1_Tsu Hiao Ping\Workspaces\EMWS1\FIMPORT\_updatePath.st,
      RECFM=V,LRECL=32767,File Size (bytes)=0,
      Last Modified=07Jan2024:01:50:03,
      Create Time=07Jan2024:01:50:03

NOTE: 1 record was written to the file X.
      The minimum record length was 1.
      The maximum record length was 1.
NOTE: DATA statement used (Total process time):
      real time           0.00 seconds
      cpu time            0.00 seconds
      

NOTE: Fileref X has been deassigned.

NOTE: DATA STEP view saved on file EMWS1.FIMPORT_TRAIN.
NOTE: A stored DATA STEP view cannot run under a different operating system.
NOTE: DATA statement used (Total process time):
      real time           0.01 seconds
      cpu time            0.00 seconds
      

16237  *------------------------------------------------------------*;
16238  * End SCORE: FIMPORT;
16239  *------------------------------------------------------------*;

16241  *------------------------------------------------------------*;
16242  * FIMPORT: Computing metadata for TRAIN data;
16243  *------------------------------------------------------------*;

NOTE: View EMWS1.FIMPORT_TRAIN.VIEW used (Total process time):
      real time           0.01 seconds
      cpu time            0.01 seconds
      
NOTE: View EMWS1.FIMPORT_TRAIN.VIEW used (Total process time):
      real time           0.03 seconds
      cpu time            0.01 seconds
      
