 
                                                                                                                                                                                                                                                                
 
The HP4SCORE Procedure

      Performance Information

Execution Mode       Single-Machine
Number of Threads    1             


             Data Access Information
 
Data                Engine    Role      Path

WORK._SCORETRAIN    V9        Input     On Client
WORK._OUTTEMP       V9        Output    On Client


          Number of Observations
 
Type                                      N

Number of Observations Read             108
Number of Observations Used             108
Sum of Frequencies Used                 108


        Procedure Task Timing
 
Task              Seconds     Percent

Scoring Data         0.00      0.00% 
 
                                                                                                                                                                                                                                                                
 
The HP4SCORE Procedure

      Performance Information

Execution Mode       Single-Machine
Number of Threads    1             


                Data Access Information
 
Data                      Engine    Role      Path

EMWS1.HPDMFOREST_TRAIN    V9        Input     On Client
WORK._OUTTEMP             V9        Output    On Client


          Number of Observations
 
Type                                      N

Number of Observations Read             108
Number of Observations Used             108
Sum of Frequencies Used                 108


        Procedure Task Timing
 
Task              Seconds     Percent

Scoring Data         0.00      0.00% 
 
                                                                                                                                                                                                                                                                
 
The HP4SCORE Procedure

      Performance Information

Execution Mode       Single-Machine
Number of Threads    1             


                 Data Access Information
 
Data                         Engine    Role      Path

EMWS1.HPDMFOREST_VALIDATE    V9        Input     On Client
WORK._OUTTEMP                V9        Output    On Client


          Number of Observations
 
Type                                      N

Number of Observations Read              46
Number of Observations Used              46
Sum of Frequencies Used                  46


        Procedure Task Timing
 
Task              Seconds     Percent

Scoring Data         0.00      0.00% 
 
                                                                                                                                                                                                                                                                
 
The HP4SCORE Procedure

      Performance Information

Execution Mode       Single-Machine
Number of Threads    1             


               Data Access Information
 
Data                     Engine    Role      Path

EMWS1.HPDMFOREST_TEST    V9        Input     On Client
WORK._OUTTEMP            V9        Output    On Client


          Number of Observations
 
Type                                      N

Number of Observations Read              46
Number of Observations Used              46
Sum of Frequencies Used                  46


        Procedure Task Timing
 
Task              Seconds     Percent

Scoring Data         0.00      0.00% 
